Buildfile: /Users/r.amogh/Documents/CA_assignments/SimpleProcessor/submissions/build.xml

build-subprojects:

init:
    [mkdir] Created dir: /Users/r.amogh/Documents/CA_assignments/SimpleProcessor/submissions/bin
     [copy] Copying 1 file to /Users/r.amogh/Documents/CA_assignments/SimpleProcessor/submissions/bin

build-project:
    [javac] Compiling 31 source files to /Users/r.amogh/Documents/CA_assignments/SimpleProcessor/submissions/bin
    [javac] warning: [options] bootstrap class path not set in conjunction with -source 8
    [javac] warning: [options] source value 8 is obsolete and will be removed in a future release
    [javac] warning: [options] target value 8 is obsolete and will be removed in a future release
    [javac] warning: [options] To suppress warnings about obsolete options, use -Xlint:-options.
    [javac] /Users/r.amogh/Documents/CA_assignments/SimpleProcessor/submissions/src/processor/pipeline/MemoryAccess.java:28: error: cannot find symbol
    [javac] 			if (!EX_MA_Latch.isMABusy()) {
    [javac] 			                ^
    [javac]   symbol:   method isMABusy()
    [javac]   location: variable EX_MA_Latch of type EX_MA_LatchType
    [javac] 1 error
    [javac] 4 warnings

BUILD FAILED
/Users/r.amogh/Documents/CA_assignments/SimpleProcessor/submissions/build.xml:27: Compile failed; see the compiler error output for details.

Total time: 0 seconds
